c:\users\konicaminolta\documents\03_qprog2\0qt_dotviewedit\x64\release\b1_uiaction.obj
c:\users\konicaminolta\documents\03_qprog2\0qt_dotviewedit\x64\release\mydialog.obj
c:\users\konicaminolta\documents\03_qprog2\0qt_dotviewedit\x64\release\2_table.obj
c:\users\konicaminolta\documents\03_qprog2\0qt_dotviewedit\x64\release\moc_mydialog.obj
c:\users\konicaminolta\documents\03_qprog2\0qt_dotviewedit\x64\release\1_mydialog.obj
c:\users\konicaminolta\documents\03_qprog2\0qt_dotviewedit\x64\release\correctxy.obj
c:\users\konicaminolta\documents\03_qprog2\0qt_dotviewedit\x64\release\2_mydialog.obj
c:\users\konicaminolta\documents\03_qprog2\0qt_dotviewedit\x64\release\tool1.obj
c:\users\konicaminolta\documents\03_qprog2\0qt_dotviewedit\x64\release\3_dotedit.obj
c:\users\konicaminolta\documents\03_qprog2\0qt_dotviewedit\x64\release\useless.obj
c:\users\konicaminolta\documents\03_qprog2\0qt_dotviewedit\x64\release\0_initui1.obj
c:\users\konicaminolta\documents\03_qprog2\0qt_dotviewedit\x64\release\tool2.obj
c:\users\konicaminolta\documents\03_qprog2\0qt_dotviewedit\x64\release\b0_uiaction.obj
c:\users\konicaminolta\documents\03_qprog2\0qt_dotviewedit\x64\release\main.obj
c:\users\konicaminolta\documents\03_qprog2\0qt_dotviewedit\x64\release\0_initui2.obj
c:\users\konicaminolta\documents\03_qprog2\0qt_dotviewedit\x64\release\mouseevent.obj
c:\users\konicaminolta\documents\03_qprog2\0qt_dotviewedit\generatedfiles\release\moc_mydialog.cpp
c:\users\konicaminolta\documents\03_qprog2\0qt_dotviewedit\release\moc_predefs.h
c:\users\konicaminolta\documents\03_qprog2\0qt_dotviewedit\generatedfiles\ui_mydialog.h
c:\users\konicaminolta\documents\03_qprog2\0qt_dotviewedit\release\dotviewedit.exe
c:\users\konicaminolta\documents\03_qprog2\0qt_dotviewedit\.\generatedfiles\ui_mydialog.h
c:\users\konicaminolta\documents\03_qprog2\0qt_dotviewedit\x64\release\dotviewedit.tlog\cl.command.1.tlog
c:\users\konicaminolta\documents\03_qprog2\0qt_dotviewedit\x64\release\dotviewedit.tlog\cl.read.1.tlog
c:\users\konicaminolta\documents\03_qprog2\0qt_dotviewedit\x64\release\dotviewedit.tlog\cl.write.1.tlog
c:\users\konicaminolta\documents\03_qprog2\0qt_dotviewedit\x64\release\dotviewedit.tlog\custombuild.command.1.tlog
c:\users\konicaminolta\documents\03_qprog2\0qt_dotviewedit\x64\release\dotviewedit.tlog\custombuild.read.1.tlog
c:\users\konicaminolta\documents\03_qprog2\0qt_dotviewedit\x64\release\dotviewedit.tlog\custombuild.write.1.tlog
c:\users\konicaminolta\documents\03_qprog2\0qt_dotviewedit\x64\release\dotviewedit.tlog\dotviewedit.write.1u.tlog
c:\users\konicaminolta\documents\03_qprog2\0qt_dotviewedit\x64\release\dotviewedit.tlog\link.command.1.tlog
c:\users\konicaminolta\documents\03_qprog2\0qt_dotviewedit\x64\release\dotviewedit.tlog\link.read.1.tlog
c:\users\konicaminolta\documents\03_qprog2\0qt_dotviewedit\x64\release\dotviewedit.tlog\link.write.1.tlog
c:\users\konicaminolta\documents\03_qprog2\0qt_dotviewedit\x64\release\dotviewedit.tlog\qtuic.read.1u.tlog
c:\users\konicaminolta\documents\03_qprog2\0qt_dotviewedit\x64\release\dotviewedit.tlog\qtuic.write.1u.tlog
