c:\users\konicaminolta\documents\03_qprog2\0qt_dotviewedit\x64\debug\b1_uiaction.obj
c:\users\konicaminolta\documents\03_qprog2\0qt_dotviewedit\x64\debug\moc_mydialog.obj
c:\users\konicaminolta\documents\03_qprog2\0qt_dotviewedit\x64\debug\2_table.obj
c:\users\konicaminolta\documents\03_qprog2\0qt_dotviewedit\x64\debug\useless.obj
c:\users\konicaminolta\documents\03_qprog2\0qt_dotviewedit\x64\debug\3_dotedit.obj
c:\users\konicaminolta\documents\03_qprog2\0qt_dotviewedit\x64\debug\main.obj
c:\users\konicaminolta\documents\03_qprog2\0qt_dotviewedit\x64\debug\2_mydialog.obj
c:\users\konicaminolta\documents\03_qprog2\0qt_dotviewedit\x64\debug\mydialog.obj
c:\users\konicaminolta\documents\03_qprog2\0qt_dotviewedit\x64\debug\0_initui1.obj
c:\users\konicaminolta\documents\03_qprog2\0qt_dotviewedit\x64\debug\tool2.obj
c:\users\konicaminolta\documents\03_qprog2\0qt_dotviewedit\x64\debug\b0_uiaction.obj
c:\users\konicaminolta\documents\03_qprog2\0qt_dotviewedit\x64\debug\correctxy.obj
c:\users\konicaminolta\documents\03_qprog2\0qt_dotviewedit\x64\debug\1_mydialog.obj
c:\users\konicaminolta\documents\03_qprog2\0qt_dotviewedit\x64\debug\mouseevent.obj
c:\users\konicaminolta\documents\03_qprog2\0qt_dotviewedit\x64\debug\0_initui2.obj
c:\users\konicaminolta\documents\03_qprog2\0qt_dotviewedit\x64\debug\tool1.obj
c:\users\konicaminolta\documents\03_qprog2\0qt_dotviewedit\x64\debug\vc140.pdb
c:\users\konicaminolta\documents\03_qprog2\0qt_dotviewedit\generatedfiles\debug\moc_mydialog.cpp
c:\users\konicaminolta\documents\03_qprog2\0qt_dotviewedit\debug\moc_predefs.h
c:\users\konicaminolta\documents\03_qprog2\0qt_dotviewedit\generatedfiles\ui_mydialog.h
c:\users\konicaminolta\documents\03_qprog2\0qt_dotviewedit\debug\dotviewedit.ilk
c:\users\konicaminolta\documents\03_qprog2\0qt_dotviewedit\debug\dotviewedit.exe
c:\users\konicaminolta\documents\03_qprog2\0qt_dotviewedit\debug\dotviewedit.pdb
c:\users\konicaminolta\documents\03_qprog2\0qt_dotviewedit\.\generatedfiles\ui_mydialog.h
c:\users\konicaminolta\documents\03_qprog2\0qt_dotviewedit\x64\debug\dotviewedit.tlog\cl.command.1.tlog
c:\users\konicaminolta\documents\03_qprog2\0qt_dotviewedit\x64\debug\dotviewedit.tlog\cl.read.1.tlog
c:\users\konicaminolta\documents\03_qprog2\0qt_dotviewedit\x64\debug\dotviewedit.tlog\cl.write.1.tlog
c:\users\konicaminolta\documents\03_qprog2\0qt_dotviewedit\x64\debug\dotviewedit.tlog\custombuild.command.1.tlog
c:\users\konicaminolta\documents\03_qprog2\0qt_dotviewedit\x64\debug\dotviewedit.tlog\custombuild.read.1.tlog
c:\users\konicaminolta\documents\03_qprog2\0qt_dotviewedit\x64\debug\dotviewedit.tlog\custombuild.write.1.tlog
c:\users\konicaminolta\documents\03_qprog2\0qt_dotviewedit\x64\debug\dotviewedit.tlog\dotviewedit.write.1u.tlog
c:\users\konicaminolta\documents\03_qprog2\0qt_dotviewedit\x64\debug\dotviewedit.tlog\link.command.1.tlog
c:\users\konicaminolta\documents\03_qprog2\0qt_dotviewedit\x64\debug\dotviewedit.tlog\link.read.1.tlog
c:\users\konicaminolta\documents\03_qprog2\0qt_dotviewedit\x64\debug\dotviewedit.tlog\link.write.1.tlog
c:\users\konicaminolta\documents\03_qprog2\0qt_dotviewedit\x64\debug\dotviewedit.tlog\qtuic.read.1u.tlog
c:\users\konicaminolta\documents\03_qprog2\0qt_dotviewedit\x64\debug\dotviewedit.tlog\qtuic.write.1u.tlog
